<?xml version="1.0" encoding="UTF-8"?>
<testng-results skipped="0" failed="0" ignored="0" total="1" passed="1">
  <reporter-output>
  </reporter-output>
  <suite name="Default suite" duration-ms="17543" started-at="2022-04-30T15:30:20 IDT" finished-at="2022-04-30T15:30:37 IDT">
    <groups>
    </groups>
    <test name="Default test" duration-ms="17543" started-at="2022-04-30T15:30:20 IDT" finished-at="2022-04-30T15:30:37 IDT">
      <class name="atid.RemoveFromCart">
        <test-method status="PASS" signature="setUp()[pri:0, instance:atid.RemoveFromCart@77f99a05]" name="setUp" is-config="true" duration-ms="4221" started-at="2022-04-30T15:30:20 IDT" finished-at="2022-04-30T15:30:24 IDT">
          <reporter-output>
          </reporter-output>
        </test-method> <!-- setUp -->
        <test-method status="PASS" signature="step3()[pri:0, instance:atid.RemoveFromCart@77f99a05]" name="step3" duration-ms="12514" started-at="2022-04-30T15:30:24 IDT" finished-at="2022-04-30T15:30:36 IDT">
          <reporter-output>
          </reporter-output>
        </test-method> <!-- step3 -->
        <test-method status="PASS" signature="tearDown()[pri:0, instance:atid.RemoveFromCart@77f99a05]" name="tearDown" is-config="true" duration-ms="774" started-at="2022-04-30T15:30:36 IDT" finished-at="2022-04-30T15:30:37 IDT">
          <reporter-output>
          </reporter-output>
        </test-method> <!-- tearDown -->
      </class> <!-- atid.RemoveFromCart -->
    </test> <!-- Default test -->
  </suite> <!-- Default suite -->
</testng-results>
